<Consent xmlns="http://hl7.org/fhir">
    <id value="0dcc5d4c-bf24-4c06-b02e-be5bc24587e2" />
    <meta>
        <profile value="https://gematik.de/fhir/erpchrg/StructureDefinition/GEM_ERPCHRG_PR_Consent|1.0" />
    </meta>
    <status value="active" />
    <scope>
        <coding>
            <system value="http://terminology.hl7.org/CodeSystem/consentscope" />
            <code value="patient-privacy" />
            <display value="Privacy Consent" />
        </coding>
    </scope>
    <category>
        <coding>
            <system value="https://gematik.de/fhir/erpchrg/CodeSystem/GEM_ERPCHRG_CS_ConsentType" />
            <code value="CHARGCONS" />
            <display value="Consent for saving electronic charge item" />
        </coding>
    </category>
    <patient>
        <identifier>
            <type>
                <coding>
                    <system value="http://fhir.de/CodeSystem/identifier-type-de-basis" />
                    <code value="PKV" />
                </coding>
            </type>
            <system value="http://fhir.de/sid/pkv/kvid-10" />
            <value value="X234567890" />
            <assigner>
                <identifier>
                    <system value="http://fhir.de/sid/arge-ik/iknr" />
                    <value value="168140950" />
                </identifier>
            </assigner>
        </identifier>
    </patient>
    <dateTime value="2023-07-01T07:13:00+05:00" />
    <policyRule>
        <coding>
            <system value="http://terminology.hl7.org/CodeSystem/v3-ActCode" />
            <code value="OPTIN" />
        </coding>
    </policyRule>
</Consent>